{"timestamp":"2026-05-13 23:57:52","level":"info","message":"⛽ Fuelo V2.1 démarré sur le port 5000"}
{"timestamp":"2026-05-14 00:16:29","level":"info","message":"⛽ Fuelo V2.1 démarré sur le port 5000"}
{"timestamp":"2026-05-14 07:18:52","level":"info","message":"⛽ Fuelo V2.1 démarré sur le port 5000"}
{"timestamp":"2026-05-14 07:19:40","level":"info","message":"⛽ Fuelo V2.1 démarré sur le port 5000"}
{"timestamp":"2026-05-20 06:33:04","level":"info","message":"⛽ Fuelo V2.1 démarré sur le port 5000"}
{"timestamp":"2026-05-20 07:06:17","level":"error","message":"GET /api/employes — la colonne v.deleted_at n'existe pas","stack":"error: la colonne v.deleted_at n'existe pas\n    at C:\\Users\\DIAKITE KABA\\mon-projet\\backend\\node_modules\\pg-pool\\index.js:45:11\n    at process.processTicksAndRejections (node:internal/process/task_queues:95:5)\n    at async C:\\Users\\DIAKITE KABA\\mon-projet\\backend\\controllers\\employeController.js:57:18","user":6}
{"timestamp":"2026-05-20 07:06:18","level":"error","message":"GET /api/employes — la colonne v.deleted_at n'existe pas","stack":"error: la colonne v.deleted_at n'existe pas\n    at C:\\Users\\DIAKITE KABA\\mon-projet\\backend\\node_modules\\pg-pool\\index.js:45:11\n    at process.processTicksAndRejections (node:internal/process/task_queues:95:5)\n    at async C:\\Users\\DIAKITE KABA\\mon-projet\\backend\\controllers\\employeController.js:57:18","user":6}
{"timestamp":"2026-05-20 07:10:12","level":"info","message":"⛽ Fuelo V2.1 démarré sur le port 5000"}
{"timestamp":"2026-05-20 20:33:14","level":"info","message":"⛽ Fuelo V2.1 démarré sur le port 5000"}
{"timestamp":"2026-05-20 20:51:55","level":"error","message":"GET /api/employes — la colonne v.deleted_at n'existe pas","stack":"error: la colonne v.deleted_at n'existe pas\n    at C:\\Users\\DIAKITE KABA\\mon-projet\\backend\\node_modules\\pg-pool\\index.js:45:11\n    at process.processTicksAndRejections (node:internal/process/task_queues:95:5)\n    at async C:\\Users\\DIAKITE KABA\\mon-projet\\backend\\controllers\\employeController.js:57:18","user":6}
{"timestamp":"2026-05-20 21:04:11","level":"info","message":"⛽ Fuelo V2.1 démarré sur le port 5000"}
{"timestamp":"2026-05-20 21:04:54","level":"info","message":"⛽ Fuelo V2.1 démarré sur le port 5000"}
{"timestamp":"2026-05-20 21:16:28","level":"error","message":"GET /api/employes — la colonne v.deleted_at n'existe pas","stack":"error: la colonne v.deleted_at n'existe pas\n    at C:\\Users\\DIAKITE KABA\\mon-projet\\backend\\node_modules\\pg-pool\\index.js:45:11\n    at process.processTicksAndRejections (node:internal/process/task_queues:95:5)\n    at async C:\\Users\\DIAKITE KABA\\mon-projet\\backend\\controllers\\employeController.js:57:18","user":7}
{"timestamp":"2026-05-20 21:16:29","level":"error","message":"GET /api/employes — la colonne v.deleted_at n'existe pas","stack":"error: la colonne v.deleted_at n'existe pas\n    at C:\\Users\\DIAKITE KABA\\mon-projet\\backend\\node_modules\\pg-pool\\index.js:45:11\n    at process.processTicksAndRejections (node:internal/process/task_queues:95:5)\n    at async C:\\Users\\DIAKITE KABA\\mon-projet\\backend\\controllers\\employeController.js:57:18","user":7}
{"timestamp":"2026-05-20 21:16:41","level":"error","message":"POST /api/employes — la colonne « deleted_at » n'existe pas","stack":"error: la colonne « deleted_at » n'existe pas\n    at C:\\Users\\DIAKITE KABA\\mon-projet\\backend\\node_modules\\pg-pool\\index.js:45:11\n    at process.processTicksAndRejections (node:internal/process/task_queues:95:5)\n    at async C:\\Users\\DIAKITE KABA\\mon-projet\\backend\\controllers\\employeController.js:19:18","body":{"nom":"lancinet","email":"total@gmail.com","password":"12345678"},"user":7}
{"timestamp":"2026-05-20 21:16:45","level":"error","message":"POST /api/employes — la colonne « deleted_at » n'existe pas","stack":"error: la colonne « deleted_at » n'existe pas\n    at C:\\Users\\DIAKITE KABA\\mon-projet\\backend\\node_modules\\pg-pool\\index.js:45:11\n    at process.processTicksAndRejections (node:internal/process/task_queues:95:5)\n    at async C:\\Users\\DIAKITE KABA\\mon-projet\\backend\\controllers\\employeController.js:19:18","body":{"nom":"lancinet","email":"total@gmail.com","password":"12345678"},"user":7}
{"timestamp":"2026-05-20 21:18:43","level":"error","message":"POST /api/employes — la colonne « deleted_at » n'existe pas","stack":"error: la colonne « deleted_at » n'existe pas\n    at C:\\Users\\DIAKITE KABA\\mon-projet\\backend\\node_modules\\pg-pool\\index.js:45:11\n    at process.processTicksAndRejections (node:internal/process/task_queues:95:5)\n    at async C:\\Users\\DIAKITE KABA\\mon-projet\\backend\\controllers\\employeController.js:19:18","body":{"nom":"lancinet","email":"total@gmail.com","password":"12345678"},"user":7}
{"timestamp":"2026-05-20 21:24:58","level":"info","message":"⛽ Fuelo V2.1 démarré sur le port 5000"}
{"timestamp":"2026-05-20 21:48:03","level":"error","message":"POST /api/employes — la colonne « deleted_at » n'existe pas","stack":"error: la colonne « deleted_at » n'existe pas\n    at C:\\Users\\DIAKITE KABA\\mon-projet\\backend\\node_modules\\pg-pool\\index.js:45:11\n    at process.processTicksAndRejections (node:internal/process/task_queues:95:5)\n    at async C:\\Users\\DIAKITE KABA\\mon-projet\\backend\\controllers\\employeController.js:19:18","body":{"nom":"balde","email":"balde@gmail.com","password":"12345abc"},"user":7}
{"timestamp":"2026-05-20 21:53:29","level":"info","message":"⛽ Fuelo V2.1 démarré sur le port 5000"}
{"timestamp":"2026-05-20 21:55:57","level":"error","message":"GET /api/employes — la colonne v.deleted_at n'existe pas","stack":"error: la colonne v.deleted_at n'existe pas\n    at C:\\Users\\DIAKITE KABA\\mon-projet\\backend\\node_modules\\pg-pool\\index.js:45:11\n    at process.processTicksAndRejections (node:internal/process/task_queues:95:5)\n    at async C:\\Users\\DIAKITE KABA\\mon-projet\\backend\\controllers\\employeController.js:57:18","user":7}
{"timestamp":"2026-05-20 22:06:33","level":"info","message":"⛽ Fuelo V2.1 démarré sur le port 5000"}
{"timestamp":"2026-05-20 22:07:46","level":"error","message":"GET /api/employes — la colonne u.deleted_at n'existe pas","stack":"error: la colonne u.deleted_at n'existe pas\n    at C:\\Users\\DIAKITE KABA\\mon-projet\\backend\\node_modules\\pg-pool\\index.js:45:11\n    at process.processTicksAndRejections (node:internal/process/task_queues:95:5)\n    at async C:\\Users\\DIAKITE KABA\\mon-projet\\backend\\controllers\\employeController.js:57:18","user":7}
{"timestamp":"2026-05-20 22:08:12","level":"error","message":"POST /api/employes — la colonne « deleted_at » n'existe pas","stack":"error: la colonne « deleted_at » n'existe pas\n    at C:\\Users\\DIAKITE KABA\\mon-projet\\backend\\node_modules\\pg-pool\\index.js:45:11\n    at process.processTicksAndRejections (node:internal/process/task_queues:95:5)\n    at async C:\\Users\\DIAKITE KABA\\mon-projet\\backend\\controllers\\employeController.js:19:18","body":{"nom":"lancinet ","email":"total@gmail.com","password":"123456789"},"user":7}
{"timestamp":"2026-05-20 22:08:34","level":"error","message":"POST /api/employes — la colonne « deleted_at » n'existe pas","stack":"error: la colonne « deleted_at » n'existe pas\n    at C:\\Users\\DIAKITE KABA\\mon-projet\\backend\\node_modules\\pg-pool\\index.js:45:11\n    at process.processTicksAndRejections (node:internal/process/task_queues:95:5)\n    at async C:\\Users\\DIAKITE KABA\\mon-projet\\backend\\controllers\\employeController.js:19:18","body":{"nom":"lancinet ","email":"total@gmail.com","password":"123456789"},"user":7}
{"timestamp":"2026-05-20 22:08:35","level":"error","message":"POST /api/employes — la colonne « deleted_at » n'existe pas","stack":"error: la colonne « deleted_at » n'existe pas\n    at C:\\Users\\DIAKITE KABA\\mon-projet\\backend\\node_modules\\pg-pool\\index.js:45:11\n    at process.processTicksAndRejections (node:internal/process/task_queues:95:5)\n    at async C:\\Users\\DIAKITE KABA\\mon-projet\\backend\\controllers\\employeController.js:19:18","body":{"nom":"lancinet ","email":"total@gmail.com","password":"123456789"},"user":7}
{"timestamp":"2026-05-20 22:08:36","level":"error","message":"POST /api/employes — la colonne « deleted_at » n'existe pas","stack":"error: la colonne « deleted_at » n'existe pas\n    at C:\\Users\\DIAKITE KABA\\mon-projet\\backend\\node_modules\\pg-pool\\index.js:45:11\n    at process.processTicksAndRejections (node:internal/process/task_queues:95:5)\n    at async C:\\Users\\DIAKITE KABA\\mon-projet\\backend\\controllers\\employeController.js:19:18","body":{"nom":"lancinet ","email":"total@gmail.com","password":"123456789"},"user":7}
{"timestamp":"2026-05-20 22:08:37","level":"error","message":"POST /api/employes — la colonne « deleted_at » n'existe pas","stack":"error: la colonne « deleted_at » n'existe pas\n    at C:\\Users\\DIAKITE KABA\\mon-projet\\backend\\node_modules\\pg-pool\\index.js:45:11\n    at process.processTicksAndRejections (node:internal/process/task_queues:95:5)\n    at async C:\\Users\\DIAKITE KABA\\mon-projet\\backend\\controllers\\employeController.js:19:18","body":{"nom":"lancinet ","email":"total@gmail.com","password":"123456789"},"user":7}
{"timestamp":"2026-05-20 22:10:22","level":"error","message":"GET /api/employes — la colonne u.deleted_at n'existe pas","stack":"error: la colonne u.deleted_at n'existe pas\n    at C:\\Users\\DIAKITE KABA\\mon-projet\\backend\\node_modules\\pg-pool\\index.js:45:11\n    at process.processTicksAndRejections (node:internal/process/task_queues:95:5)\n    at async C:\\Users\\DIAKITE KABA\\mon-projet\\backend\\controllers\\employeController.js:57:18","user":7}
{"timestamp":"2026-05-20 22:10:47","level":"error","message":"POST /api/employes — la colonne « deleted_at » n'existe pas","stack":"error: la colonne « deleted_at » n'existe pas\n    at C:\\Users\\DIAKITE KABA\\mon-projet\\backend\\node_modules\\pg-pool\\index.js:45:11\n    at process.processTicksAndRejections (node:internal/process/task_queues:95:5)\n    at async C:\\Users\\DIAKITE KABA\\mon-projet\\backend\\controllers\\employeController.js:19:18","body":{"nom":"mamadou","email":"totale@gmail.com","password":"&é\"'(-"},"user":7}
{"timestamp":"2026-05-20 22:11:28","level":"info","message":"⛽ Fuelo V2.1 démarré sur le port 5000"}
{"timestamp":"2026-05-20 22:18:13","level":"info","message":"⛽ Fuelo V2.1 démarré sur le port 5000"}
{"timestamp":"2026-05-20 22:19:53","level":"error","message":"POST /api/employes — la colonne « created_by » de la relation « users » n'existe pas","stack":"error: la colonne « created_by » de la relation « users » n'existe pas\n    at C:\\Users\\DIAKITE KABA\\mon-projet\\backend\\node_modules\\pg-pool\\index.js:45:11\n    at process.processTicksAndRejections (node:internal/process/task_queues:95:5)\n    at async C:\\Users\\DIAKITE KABA\\mon-projet\\backend\\controllers\\employeController.js:28:18","body":{"nom":"lancinet sohan","email":"netcilandebal@gmail.com","password":"lancinet623040543"},"user":7}
{"timestamp":"2026-05-20 22:19:58","level":"error","message":"POST /api/employes — la colonne « created_by » de la relation « users » n'existe pas","stack":"error: la colonne « created_by » de la relation « users » n'existe pas\n    at C:\\Users\\DIAKITE KABA\\mon-projet\\backend\\node_modules\\pg-pool\\index.js:45:11\n    at process.processTicksAndRejections (node:internal/process/task_queues:95:5)\n    at async C:\\Users\\DIAKITE KABA\\mon-projet\\backend\\controllers\\employeController.js:28:18","body":{"nom":"lancinet sohan","email":"netcilandebal@gmail.com","password":"lancinet623040543"},"user":7}
{"timestamp":"2026-05-20 22:20:06","level":"error","message":"POST /api/employes — la colonne « created_by » de la relation « users » n'existe pas","stack":"error: la colonne « created_by » de la relation « users » n'existe pas\n    at C:\\Users\\DIAKITE KABA\\mon-projet\\backend\\node_modules\\pg-pool\\index.js:45:11\n    at process.processTicksAndRejections (node:internal/process/task_queues:95:5)\n    at async C:\\Users\\DIAKITE KABA\\mon-projet\\backend\\controllers\\employeController.js:28:18","body":{"nom":"lancinet sohan","email":"netcilandebal@gmail.com","password":"lancinet623040543"},"user":7}
{"timestamp":"2026-05-20 22:24:30","level":"info","message":"⛽ Fuelo V2.1 démarré sur le port 5000"}
{"timestamp":"2026-05-20 22:25:19","level":"info","message":"⛽ Fuelo V2.1 démarré sur le port 5000"}
{"timestamp":"2026-05-20 22:29:32","level":"error","message":"OPTIONS /api/auth/login — CORS bloqué : http://localhost:5174 non autorisé","stack":"Error: CORS bloqué : http://localhost:5174 non autorisé\n    at origin (C:\\Users\\DIAKITE KABA\\mon-projet\\backend\\server.js:33:14)\n    at C:\\Users\\DIAKITE KABA\\mon-projet\\backend\\node_modules\\cors\\lib\\index.js:219:13\n    at optionsCallback (C:\\Users\\DIAKITE KABA\\mon-projet\\backend\\node_modules\\cors\\lib\\index.js:199:9)\n    at corsMiddleware (C:\\Users\\DIAKITE KABA\\mon-projet\\backend\\node_modules\\cors\\lib\\index.js:204:7)\n    at Layer.handleRequest (C:\\Users\\DIAKITE KABA\\mon-projet\\backend\\node_modules\\router\\lib\\layer.js:152:17)\n    at trimPrefix (C:\\Users\\DIAKITE KABA\\mon-projet\\backend\\node_modules\\router\\index.js:342:13)\n    at C:\\Users\\DIAKITE KABA\\mon-projet\\backend\\node_modules\\router\\index.js:297:9\n    at processParams (C:\\Users\\DIAKITE KABA\\mon-projet\\backend\\node_modules\\router\\index.js:582:12)\n    at next (C:\\Users\\DIAKITE KABA\\mon-projet\\backend\\node_modules\\router\\index.js:291:5)\n    at internalNext (C:\\Users\\DIAKITE KABA\\mon-projet\\backend\\node_modules\\helmet\\index.cjs:531:6)"}
{"timestamp":"2026-05-20 22:29:56","level":"error","message":"OPTIONS /api/auth/login — CORS bloqué : http://localhost:5174 non autorisé","stack":"Error: CORS bloqué : http://localhost:5174 non autorisé\n    at origin (C:\\Users\\DIAKITE KABA\\mon-projet\\backend\\server.js:33:14)\n    at C:\\Users\\DIAKITE KABA\\mon-projet\\backend\\node_modules\\cors\\lib\\index.js:219:13\n    at optionsCallback (C:\\Users\\DIAKITE KABA\\mon-projet\\backend\\node_modules\\cors\\lib\\index.js:199:9)\n    at corsMiddleware (C:\\Users\\DIAKITE KABA\\mon-projet\\backend\\node_modules\\cors\\lib\\index.js:204:7)\n    at Layer.handleRequest (C:\\Users\\DIAKITE KABA\\mon-projet\\backend\\node_modules\\router\\lib\\layer.js:152:17)\n    at trimPrefix (C:\\Users\\DIAKITE KABA\\mon-projet\\backend\\node_modules\\router\\index.js:342:13)\n    at C:\\Users\\DIAKITE KABA\\mon-projet\\backend\\node_modules\\router\\index.js:297:9\n    at processParams (C:\\Users\\DIAKITE KABA\\mon-projet\\backend\\node_modules\\router\\index.js:582:12)\n    at next (C:\\Users\\DIAKITE KABA\\mon-projet\\backend\\node_modules\\router\\index.js:291:5)\n    at internalNext (C:\\Users\\DIAKITE KABA\\mon-projet\\backend\\node_modules\\helmet\\index.cjs:531:6)"}
{"timestamp":"2026-05-20 22:32:19","level":"error","message":"OPTIONS /api/auth/login — CORS bloqué : http://localhost:5174 non autorisé","stack":"Error: CORS bloqué : http://localhost:5174 non autorisé\n    at origin (C:\\Users\\DIAKITE KABA\\mon-projet\\backend\\server.js:33:14)\n    at C:\\Users\\DIAKITE KABA\\mon-projet\\backend\\node_modules\\cors\\lib\\index.js:219:13\n    at optionsCallback (C:\\Users\\DIAKITE KABA\\mon-projet\\backend\\node_modules\\cors\\lib\\index.js:199:9)\n    at corsMiddleware (C:\\Users\\DIAKITE KABA\\mon-projet\\backend\\node_modules\\cors\\lib\\index.js:204:7)\n    at Layer.handleRequest (C:\\Users\\DIAKITE KABA\\mon-projet\\backend\\node_modules\\router\\lib\\layer.js:152:17)\n    at trimPrefix (C:\\Users\\DIAKITE KABA\\mon-projet\\backend\\node_modules\\router\\index.js:342:13)\n    at C:\\Users\\DIAKITE KABA\\mon-projet\\backend\\node_modules\\router\\index.js:297:9\n    at processParams (C:\\Users\\DIAKITE KABA\\mon-projet\\backend\\node_modules\\router\\index.js:582:12)\n    at next (C:\\Users\\DIAKITE KABA\\mon-projet\\backend\\node_modules\\router\\index.js:291:5)\n    at internalNext (C:\\Users\\DIAKITE KABA\\mon-projet\\backend\\node_modules\\helmet\\index.cjs:531:6)"}
{"timestamp":"2026-05-20 22:32:39","level":"error","message":"OPTIONS /api/auth/register — CORS bloqué : http://localhost:5174 non autorisé","stack":"Error: CORS bloqué : http://localhost:5174 non autorisé\n    at origin (C:\\Users\\DIAKITE KABA\\mon-projet\\backend\\server.js:33:14)\n    at C:\\Users\\DIAKITE KABA\\mon-projet\\backend\\node_modules\\cors\\lib\\index.js:219:13\n    at optionsCallback (C:\\Users\\DIAKITE KABA\\mon-projet\\backend\\node_modules\\cors\\lib\\index.js:199:9)\n    at corsMiddleware (C:\\Users\\DIAKITE KABA\\mon-projet\\backend\\node_modules\\cors\\lib\\index.js:204:7)\n    at Layer.handleRequest (C:\\Users\\DIAKITE KABA\\mon-projet\\backend\\node_modules\\router\\lib\\layer.js:152:17)\n    at trimPrefix (C:\\Users\\DIAKITE KABA\\mon-projet\\backend\\node_modules\\router\\index.js:342:13)\n    at C:\\Users\\DIAKITE KABA\\mon-projet\\backend\\node_modules\\router\\index.js:297:9\n    at processParams (C:\\Users\\DIAKITE KABA\\mon-projet\\backend\\node_modules\\router\\index.js:582:12)\n    at next (C:\\Users\\DIAKITE KABA\\mon-projet\\backend\\node_modules\\router\\index.js:291:5)\n    at internalNext (C:\\Users\\DIAKITE KABA\\mon-projet\\backend\\node_modules\\helmet\\index.cjs:531:6)"}
{"timestamp":"2026-05-20 22:32:51","level":"error","message":"OPTIONS /api/auth/login — CORS bloqué : http://localhost:5174 non autorisé","stack":"Error: CORS bloqué : http://localhost:5174 non autorisé\n    at origin (C:\\Users\\DIAKITE KABA\\mon-projet\\backend\\server.js:33:14)\n    at C:\\Users\\DIAKITE KABA\\mon-projet\\backend\\node_modules\\cors\\lib\\index.js:219:13\n    at optionsCallback (C:\\Users\\DIAKITE KABA\\mon-projet\\backend\\node_modules\\cors\\lib\\index.js:199:9)\n    at corsMiddleware (C:\\Users\\DIAKITE KABA\\mon-projet\\backend\\node_modules\\cors\\lib\\index.js:204:7)\n    at Layer.handleRequest (C:\\Users\\DIAKITE KABA\\mon-projet\\backend\\node_modules\\router\\lib\\layer.js:152:17)\n    at trimPrefix (C:\\Users\\DIAKITE KABA\\mon-projet\\backend\\node_modules\\router\\index.js:342:13)\n    at C:\\Users\\DIAKITE KABA\\mon-projet\\backend\\node_modules\\router\\index.js:297:9\n    at processParams (C:\\Users\\DIAKITE KABA\\mon-projet\\backend\\node_modules\\router\\index.js:582:12)\n    at next (C:\\Users\\DIAKITE KABA\\mon-projet\\backend\\node_modules\\router\\index.js:291:5)\n    at internalNext (C:\\Users\\DIAKITE KABA\\mon-projet\\backend\\node_modules\\helmet\\index.cjs:531:6)"}
{"timestamp":"2026-05-20 22:33:37","level":"error","message":"OPTIONS /api/auth/login — CORS bloqué : http://localhost:5174 non autorisé","stack":"Error: CORS bloqué : http://localhost:5174 non autorisé\n    at origin (C:\\Users\\DIAKITE KABA\\mon-projet\\backend\\server.js:33:14)\n    at C:\\Users\\DIAKITE KABA\\mon-projet\\backend\\node_modules\\cors\\lib\\index.js:219:13\n    at optionsCallback (C:\\Users\\DIAKITE KABA\\mon-projet\\backend\\node_modules\\cors\\lib\\index.js:199:9)\n    at corsMiddleware (C:\\Users\\DIAKITE KABA\\mon-projet\\backend\\node_modules\\cors\\lib\\index.js:204:7)\n    at Layer.handleRequest (C:\\Users\\DIAKITE KABA\\mon-projet\\backend\\node_modules\\router\\lib\\layer.js:152:17)\n    at trimPrefix (C:\\Users\\DIAKITE KABA\\mon-projet\\backend\\node_modules\\router\\index.js:342:13)\n    at C:\\Users\\DIAKITE KABA\\mon-projet\\backend\\node_modules\\router\\index.js:297:9\n    at processParams (C:\\Users\\DIAKITE KABA\\mon-projet\\backend\\node_modules\\router\\index.js:582:12)\n    at next (C:\\Users\\DIAKITE KABA\\mon-projet\\backend\\node_modules\\router\\index.js:291:5)\n    at internalNext (C:\\Users\\DIAKITE KABA\\mon-projet\\backend\\node_modules\\helmet\\index.cjs:531:6)"}
{"timestamp":"2026-05-20 22:38:07","level":"error","message":"OPTIONS /api/auth/register — CORS bloqué : http://localhost:5174 non autorisé","stack":"Error: CORS bloqué : http://localhost:5174 non autorisé\n    at origin (C:\\Users\\DIAKITE KABA\\mon-projet\\backend\\server.js:33:14)\n    at C:\\Users\\DIAKITE KABA\\mon-projet\\backend\\node_modules\\cors\\lib\\index.js:219:13\n    at optionsCallback (C:\\Users\\DIAKITE KABA\\mon-projet\\backend\\node_modules\\cors\\lib\\index.js:199:9)\n    at corsMiddleware (C:\\Users\\DIAKITE KABA\\mon-projet\\backend\\node_modules\\cors\\lib\\index.js:204:7)\n    at Layer.handleRequest (C:\\Users\\DIAKITE KABA\\mon-projet\\backend\\node_modules\\router\\lib\\layer.js:152:17)\n    at trimPrefix (C:\\Users\\DIAKITE KABA\\mon-projet\\backend\\node_modules\\router\\index.js:342:13)\n    at C:\\Users\\DIAKITE KABA\\mon-projet\\backend\\node_modules\\router\\index.js:297:9\n    at processParams (C:\\Users\\DIAKITE KABA\\mon-projet\\backend\\node_modules\\router\\index.js:582:12)\n    at next (C:\\Users\\DIAKITE KABA\\mon-projet\\backend\\node_modules\\router\\index.js:291:5)\n    at internalNext (C:\\Users\\DIAKITE KABA\\mon-projet\\backend\\node_modules\\helmet\\index.cjs:531:6)"}
{"timestamp":"2026-05-20 22:42:17","level":"error","message":"OPTIONS /api/auth/register — CORS bloqué : http://localhost:5174 non autorisé","stack":"Error: CORS bloqué : http://localhost:5174 non autorisé\n    at origin (C:\\Users\\DIAKITE KABA\\mon-projet\\backend\\server.js:33:14)\n    at C:\\Users\\DIAKITE KABA\\mon-projet\\backend\\node_modules\\cors\\lib\\index.js:219:13\n    at optionsCallback (C:\\Users\\DIAKITE KABA\\mon-projet\\backend\\node_modules\\cors\\lib\\index.js:199:9)\n    at corsMiddleware (C:\\Users\\DIAKITE KABA\\mon-projet\\backend\\node_modules\\cors\\lib\\index.js:204:7)\n    at Layer.handleRequest (C:\\Users\\DIAKITE KABA\\mon-projet\\backend\\node_modules\\router\\lib\\layer.js:152:17)\n    at trimPrefix (C:\\Users\\DIAKITE KABA\\mon-projet\\backend\\node_modules\\router\\index.js:342:13)\n    at C:\\Users\\DIAKITE KABA\\mon-projet\\backend\\node_modules\\router\\index.js:297:9\n    at processParams (C:\\Users\\DIAKITE KABA\\mon-projet\\backend\\node_modules\\router\\index.js:582:12)\n    at next (C:\\Users\\DIAKITE KABA\\mon-projet\\backend\\node_modules\\router\\index.js:291:5)\n    at internalNext (C:\\Users\\DIAKITE KABA\\mon-projet\\backend\\node_modules\\helmet\\index.cjs:531:6)"}
{"timestamp":"2026-05-20 22:44:12","level":"info","message":"⛽ Fuelo V2.1 démarré sur le port 5000"}
{"timestamp":"2026-05-20 22:47:18","level":"info","message":"⛽ Fuelo V2.1 démarré sur le port 5000"}
{"timestamp":"2026-05-20 22:48:31","level":"info","message":"Employé créé — Station 7 — balde"}
{"timestamp":"2026-05-20 22:54:48","level":"error","message":"POST /api/employes — Cet email est déjà utilisé","stack":"Error: Cet email est déjà utilisé\n    at C:\\Users\\DIAKITE KABA\\mon-projet\\backend\\controllers\\employeController.js:23:11\n    at process.processTicksAndRejections (node:internal/process/task_queues:95:5)","body":{"nom":"sohan","email":"netcilandebal@gmail.com","password":"lancinet623040543"},"user":7}
{"timestamp":"2026-05-20 22:54:57","level":"info","message":"Employé créé — Station 7 — sohan"}
{"timestamp":"2026-05-20 23:03:37","level":"info","message":"Vente enregistrée — Station 7 — 134444L essence — 34567888 GNF"}
{"timestamp":"2026-05-21 00:35:29","level":"info","message":"⛽ Fuelo V2.1 démarré sur le port 5000"}
{"timestamp":"2026-05-21 00:41:30","level":"info","message":"Reset password envoyé à lancinetbalde21@gmail.com"}
{"timestamp":"2026-05-21 00:45:19","level":"info","message":"Reset password envoyé à lancinetbalde21@gmail.com"}
{"timestamp":"2026-05-21 00:50:03","level":"error","message":"Erreur vente — Station 7: Stock insuffisant. Disponible: 65556L — Demandé: 100000L"}
{"timestamp":"2026-05-21 00:50:03","level":"error","message":"enregistrerVente Stock insuffisant. Disponible: 65556L — Demandé: 100000L","stack":"Error: Stock insuffisant. Disponible: 65556L — Demandé: 100000L\n    at Object.createVente (C:\\Users\\DIAKITE KABA\\mon-projet\\backend\\services\\venteService.js:32:13)\n    at process.processTicksAndRejections (node:internal/process/task_queues:95:5)\n    at async enregistrerVente (C:\\Users\\DIAKITE KABA\\mon-projet\\backend\\controllers\\venteController.js:13:20)"}
{"timestamp":"2026-05-21 00:50:17","level":"info","message":"Vente enregistrée — Station 7 — 64888L essence — 3456677788 GNF"}
{"timestamp":"2026-05-21 00:51:25","level":"info","message":"Vente enregistrée — Station 7 — 600L essence — 344566666 GNF"}
{"timestamp":"2026-05-21 01:10:38","level":"info","message":"Reset password envoyé à lancinetbalde21@gmail.com"}
{"timestamp":"2026-05-21 01:11:21","level":"info","message":"Reset password envoyé à lancinetbalde21@gmail.com"}
{"timestamp":"2026-05-21 01:29:45","level":"info","message":"⛽ Fuelo V2.1 démarré sur le port 5000"}
{"timestamp":"2026-05-21 01:41:38","level":"info","message":"⛽ Fuelo V2.1 démarré sur le port 5000"}
{"timestamp":"2026-05-21 01:42:27","level":"info","message":"⛽ Fuelo V2.1 démarré sur le port 5000"}
{"timestamp":"2026-05-21 01:42:46","level":"info","message":"⛽ Fuelo V2.1 démarré sur le port 5000"}
{"timestamp":"2026-05-21 02:40:07","level":"info","message":"⛽ Fuelo V2.1 démarré sur le port 5000"}
{"timestamp":"2026-05-21 02:40:31","level":"info","message":"⛽ Fuelo V2.1 démarré sur le port 5000"}
{"timestamp":"2026-05-21 02:51:17","level":"info","message":"⛽ Fuelo V2.1 démarré sur le port 5000"}
{"timestamp":"2026-05-21 02:55:32","level":"info","message":"⛽ Fuelo V2.1 démarré sur le port 5000"}
{"timestamp":"2026-05-21 03:57:24","level":"info","message":"⛽ Fuelo V2.1 démarré sur le port 5000"}
{"timestamp":"2026-05-21 04:19:30","level":"info","message":"⛽ Fuelo V2.1 démarré sur le port 5000"}
{"timestamp":"2026-05-21 04:46:56","level":"info","message":"⛽ Fuelo V2.1 démarré sur le port 5000"}
{"timestamp":"2026-05-21 04:47:10","level":"info","message":"⛽ Fuelo V2.1 démarré sur le port 5000"}
{"timestamp":"2026-05-21 05:27:15","level":"info","message":"⛽ Fuelo V2.1 démarré sur le port 5000"}
{"timestamp":"2026-05-21 05:28:52","level":"info","message":"⛽ Fuelo V2.1 démarré sur le port 5000"}
{"timestamp":"2026-05-21 05:29:07","level":"info","message":"⛽ Fuelo V2.1 démarré sur le port 5000"}
{"timestamp":"2026-05-21 05:33:02","level":"info","message":"⛽ Fuelo V2.1 démarré sur le port 5000"}
{"timestamp":"2026-05-21 05:33:52","level":"info","message":"Employé créé — Station 7 — lancineiio (pompiste)"}
{"timestamp":"2026-05-21 05:34:13","level":"info","message":"Employé supprimé (soft) — lancineiio"}
{"timestamp":"2026-05-21 05:34:15","level":"info","message":"Employé supprimé (soft) — sohan"}
{"timestamp":"2026-05-21 05:34:26","level":"error","message":"POST /api/employes — la valeur d'une clé dupliquée rompt la contrainte unique « users_email_key »","stack":"error: la valeur d'une clé dupliquée rompt la contrainte unique « users_email_key »\n    at C:\\Users\\DIAKITE KABA\\mon-projet\\backend\\node_modules\\pg-pool\\index.js:45:11\n    at process.processTicksAndRejections (node:internal/process/task_queues:95:5)\n    at async C:\\Users\\DIAKITE KABA\\mon-projet\\backend\\controllers\\employeController.js:34:18","body":{"nom":"lancinet","email":"totaal@gmail.com","password":"12345678"},"user":7}
{"timestamp":"2026-05-21 05:34:33","level":"info","message":"Employé créé — Station 7 — lancinet (pompiste)"}
{"timestamp":"2026-05-21 05:47:12","level":"info","message":"Google OAuth — connexion lancinetbalde21@gmail.com"}
{"timestamp":"2026-05-21 06:00:58","level":"info","message":"Employé créé — Station 10 — thierno (pompiste)"}
{"timestamp":"2026-05-21 06:09:03","level":"info","message":"⛽ Fuelo V2.1 démarré sur le port 5000"}
{"timestamp":"2026-05-21 06:21:36","level":"info","message":"Employé créé — Station 11 — alpha (pompiste)"}
{"timestamp":"2026-05-21 06:30:50","level":"info","message":"⛽ Fuelo V2.1 démarré sur le port 5000"}
{"timestamp":"2026-05-21 06:30:53","level":"info","message":"Employé supprimé (soft) — alpha"}
{"timestamp":"2026-05-21 06:31:08","level":"info","message":"Employé créé — Station 11 — hfieio (pompiste)"}
{"timestamp":"2026-05-21 06:31:16","level":"info","message":"Employé supprimé (soft) — hfieio"}
{"timestamp":"2026-05-21 06:32:28","level":"info","message":"⛽ Fuelo V2.1 démarré sur le port 5000"}
{"timestamp":"2026-05-21 06:32:47","level":"info","message":"Employé créé — Station 11 — mkld,moiejopmi (pompiste)"}
{"timestamp":"2026-05-21 06:34:53","level":"info","message":"⛽ Fuelo V2.1 démarré sur le port 5000"}
{"timestamp":"2026-05-21 06:36:46","level":"info","message":"Employé supprimé (soft) — mkld,moiejopmi"}
{"timestamp":"2026-05-21 06:37:02","level":"info","message":"Employé créé — Station 11 — saijoid (pompiste)"}
{"timestamp":"2026-05-21 06:38:17","level":"info","message":"⛽ Fuelo V2.1 démarré sur le port 5000"}
{"timestamp":"2026-05-21 06:43:15","level":"info","message":"⛽ Fuelo V2.1 démarré sur le port 5000"}
{"timestamp":"2026-05-21 06:44:58","level":"info","message":"Employé supprimé (soft) — saijoid"}
{"timestamp":"2026-05-21 06:45:31","level":"info","message":"Employé créé — Station 11 — ljiijpg vp (pompiste)"}
{"timestamp":"2026-05-21 06:47:23","level":"info","message":"⛽ Fuelo V2.1 démarré sur le port 5000"}
{"timestamp":"2026-05-21 06:48:03","level":"info","message":"Employé supprimé (soft) — ljiijpg vp"}
{"timestamp":"2026-05-21 06:48:17","level":"error","message":"POST /api/employes — la valeur d'une clé dupliquée rompt la contrainte unique « users_email_key »","stack":"error: la valeur d'une clé dupliquée rompt la contrainte unique « users_email_key »\n    at C:\\Users\\DIAKITE KABA\\mon-projet\\backend\\node_modules\\pg-pool\\index.js:45:11\n    at process.processTicksAndRejections (node:internal/process/task_queues:95:5)\n    at async C:\\Users\\DIAKITE KABA\\mon-projet\\backend\\controllers\\employeController.js:34:18","body":{"nom":"mmmmmmmm","email":"sadiYTUIKKo@gmail.com","password":"saaaadio123"},"user":16}
{"timestamp":"2026-05-21 06:48:23","level":"info","message":"Employé créé — Station 11 — mmmmmmmm (pompiste)"}
{"timestamp":"2026-05-21 06:48:29","level":"info","message":"Employé supprimé (soft) — mmmmmmmm"}
{"timestamp":"2026-05-21 06:48:53","level":"info","message":"Employé créé — Station 11 — kjkmkcv (pompiste)"}
{"timestamp":"2026-05-21 06:52:33","level":"info","message":"Employé supprimé (soft) — kjkmkcv"}
{"timestamp":"2026-05-21 06:59:35","level":"error","message":"POST /api/employes — la valeur d'une clé dupliquée rompt la contrainte unique « users_email_key »","stack":"error: la valeur d'une clé dupliquée rompt la contrainte unique « users_email_key »\n    at C:\\Users\\DIAKITE KABA\\mon-projet\\backend\\node_modules\\pg-pool\\index.js:45:11\n    at process.processTicksAndRejections (node:internal/process/task_queues:95:5)\n    at async C:\\Users\\DIAKITE KABA\\mon-projet\\backend\\controllers\\employeController.js:34:18","body":{"nom":"jjjjjjjjjjj","email":"sadiYTUIKK@gmail.com","password":"saaaadio123"},"user":16}
{"timestamp":"2026-05-21 06:59:39","level":"info","message":"Employé créé — Station 11 — jjjjjjjjjjj (pompiste)"}
{"timestamp":"2026-05-21 06:59:47","level":"info","message":"Employé supprimé (soft) — jjjjjjjjjjj"}
{"timestamp":"2026-05-21 07:04:52","level":"info","message":"⛽ Fuelo V2.1 démarré sur le port 5000"}
{"timestamp":"2026-05-21 07:05:19","level":"info","message":"Employé créé — Station 11 — kx,kdpepzp (pompiste)"}
{"timestamp":"2026-05-21 07:12:01","level":"info","message":"⛽ Fuelo V2.1 démarré sur le port 5000"}
{"timestamp":"2026-05-21 07:14:35","level":"info","message":"Employé créé — Station 11 — :kdcjmoeizjmvkc  (pompiste)"}
{"timestamp":"2026-05-21 07:14:56","level":"info","message":"Employé créé — Station 11 — m:M/Mc: (pompiste)"}
{"timestamp":"2026-05-21 07:15:51","level":"info","message":"⛽ Fuelo V2.1 démarré sur le port 5000"}
{"timestamp":"2026-05-21 07:21:23","level":"info","message":"Employé créé — Station 11 — kùjiln, :njli (pompiste)"}
{"timestamp":"2026-05-21 07:36:20","level":"info","message":"⛽ Fuelo V2.1 démarré sur le port 5000"}
{"timestamp":"2026-05-21 07:36:35","level":"info","message":"⛽ Fuelo V2.1 démarré sur le port 5000"}
{"timestamp":"2026-05-21 07:37:25","level":"error","message":"POST /api/employes — Cet email est déjà utilisé","stack":"Error: Cet email est déjà utilisé\n    at C:\\Users\\DIAKITE KABA\\mon-projet\\backend\\controllers\\employeController.js:29:11\n    at process.processTicksAndRejections (node:internal/process/task_queues:95:5)","body":{"nom":"lancinetbalde","email":"balde@gmail.com","password":"saaaadio123"},"user":16}
{"timestamp":"2026-05-21 07:37:32","level":"info","message":"Employé créé — Station 11 — lancinetbalde (pompiste)"}
{"timestamp":"2026-05-21 07:46:11","level":"info","message":"⛽ Fuelo V2.1 démarré sur le port 5000"}
{"timestamp":"2026-05-21 07:48:19","level":"info","message":"⛽ Fuelo V2.1 démarré sur le port 5000"}
{"timestamp":"2026-05-21 07:49:35","level":"info","message":"Vente enregistrée — Station 11 — 33445L essence — 33445 GNF"}
{"timestamp":"2026-05-21 07:52:56","level":"info","message":"⛽ Fuelo V2.1 démarré sur le port 5000"}
{"timestamp":"2026-05-21 08:07:09","level":"info","message":"⛽ Fuelo V2.1 démarré sur le port 5000"}
{"timestamp":"2026-05-21 08:08:12","level":"info","message":"⛽ Fuelo V2.1 démarré sur le port 5000"}
{"timestamp":"2026-05-21 08:10:44","level":"info","message":"⛽ Fuelo V2.1 démarré sur le port 5000"}
{"timestamp":"2026-05-21 08:12:05","level":"info","message":"Employé créé — Station 10 — jmdfkjkmodi (pompiste)"}
{"timestamp":"2026-05-21 08:18:36","level":"info","message":"⛽ Fuelo V2.1 démarré sur le port 5000"}
{"timestamp":"2026-05-21 08:19:30","level":"info","message":"Employé créé — Station 10 — amadou (pompiste)"}
{"timestamp":"2026-05-21 08:20:37","level":"info","message":"⛽ Fuelo V2.1 démarré sur le port 5000"}
{"timestamp":"2026-05-21 08:21:54","level":"info","message":"⛽ Fuelo V2.1 démarré sur le port 5000"}
{"timestamp":"2026-05-21 08:22:37","level":"info","message":"Employé créé — Station 11 — sadigou (pompiste)"}
{"timestamp":"2026-05-21 08:24:47","level":"error","message":"POST /api/employes — Cet email est déjà utilisé","stack":"Error: Cet email est déjà utilisé\n    at C:\\Users\\DIAKITE KABA\\mon-projet\\backend\\controllers\\employeController.js:29:11\n    at process.processTicksAndRejections (node:internal/process/task_queues:95:5)","body":{"nom":"sadigou","email":"sadigou@gmail.com","password":"sadio12kjkcvk,, "},"user":16}
{"timestamp":"2026-05-21 08:24:53","level":"info","message":"Employé créé — Station 11 — sadigou (pompiste)"}
{"timestamp":"2026-05-21 08:25:19","level":"info","message":"⛽ Fuelo V2.1 démarré sur le port 5000"}
{"timestamp":"2026-05-21 08:25:37","level":"info","message":"Employé créé — Station 11 — xklmodv (pompiste)"}
